Netgen 1.5.273 compiled on Sat Oct 19 17:04:39 EDT 2024
Warning: netgen command 'format' use fully-qualified name '::netgen::format'
Warning: netgen command 'global' use fully-qualified name '::netgen::global'
Call to undefined subcircuit sky130_fd_pr__pfet_g5v0d10v5
Creating placeholder cell definition.
Call to undefined subcircuit sky130_fd_pr__nfet_g5v0d10v5
Creating placeholder cell definition.
Call to undefined subcircuit sky130_fd_pr__cap_mim_m3_1
Creating placeholder cell definition.
Call to undefined subcircuit sky130_fd_pr__cap_mim_m3_2
Creating placeholder cell definition.
Call to undefined subcircuit sky130_fd_pr__diode_pw2nd_11v0
Creating placeholder cell definition.
Call to undefined subcircuit sky130_fd_pr__nfet_01v8
Creating placeholder cell definition.
Call to undefined subcircuit sky130_fd_pr__pfet_01v8_hvt
Creating placeholder cell definition.
Call to undefined subcircuit sky130_fd_pr__pfet_g5v0d10v5
Creating placeholder cell definition.
Call to undefined subcircuit sky130_fd_pr__nfet_g5v0d10v5
Creating placeholder cell definition.
Call to undefined subcircuit sky130_fd_pr__res_generic_po
Creating placeholder cell definition.
Call to undefined subcircuit sky130_fd_pr__diode_pw2nd_11v0
Creating placeholder cell definition.
Call to undefined subcircuit sky130_fd_pr__nfet_01v8
Creating placeholder cell definition.
Call to undefined subcircuit sky130_fd_pr__pfet_01v8_hvt
Creating placeholder cell definition.
Call to undefined subcircuit sky130_fd_pr__nfet_05v0_nvt
Creating placeholder cell definition.
Call to undefined subcircuit sky130_fd_pr__res_generic_nd__hv
Creating placeholder cell definition.
Call to undefined subcircuit sky130_fd_pr__res_generic_pd__hv
Creating placeholder cell definition.
Call to undefined subcircuit sky130_fd_pr__special_nfet_01v8
Creating placeholder cell definition.
Call to undefined subcircuit sky130_fd_pr__diode_pw2nd_05v5
Creating placeholder cell definition.
Call to undefined subcircuit sky130_fd_pr__special_pfet_01v8_hvt
Creating placeholder cell definition.
Call to undefined subcircuit sky130_fd_sc_hd__nand2_2
Creating placeholder cell definition.
Call to undefined subcircuit sky130_fd_sc_hd__nor2_2
Creating placeholder cell definition.
Call to undefined subcircuit EF_BANK_CAP_12
Creating placeholder cell definition.
Call to undefined subcircuit EF_AMUX0201_ARRAY1
Creating placeholder cell definition.
Call to undefined subcircuit EF_SW_RST
Creating placeholder cell definition.
Call to undefined subcircuit cdac_lvlshift_array
Creating placeholder cell definition.
Call to undefined subcircuit EF_LSB_CAP
Creating placeholder cell definition.
Call to undefined subcircuit EF_MSB_CAP
Creating placeholder cell definition.
Call to undefined subcircuit EF_SC_CAP
Creating placeholder cell definition.
Call to undefined subcircuit EF_AMUX21x
Creating placeholder cell definition.
Call to undefined subcircuit simple_analog_switch
Creating placeholder cell definition.
Call to undefined subcircuit sky130_fd_pr__cap_mim_m3_1
Creating placeholder cell definition.
Call to undefined subcircuit sky130_fd_pr__cap_mim_m3_2
Creating placeholder cell definition.
Call to undefined subcircuit simple_analog_switch_2
Creating placeholder cell definition.

Reading setup file /usr/share/pdk/sky130A/libs.tech/netgen/sky130A_setup.tcl

Model sky130_fd_pr__res_generic_nd__hv pin 1 == 2
No property value found for device sky130_fd_pr__res_generic_nd__hv
No property mult found for device sky130_fd_pr__res_generic_nd__hv
Model sky130_fd_pr__res_generic_pd__hv pin 1 == 2
No property value found for device sky130_fd_pr__res_generic_pd__hv
No property mult found for device sky130_fd_pr__res_generic_pd__hv
Model sky130_fd_pr__res_generic_po pin 1 == 2
No property value found for device sky130_fd_pr__res_generic_po
No property mult found for device sky130_fd_pr__res_generic_po
Model sky130_fd_pr__nfet_01v8 pin 1 == 3
No property mult found for device sky130_fd_pr__nfet_01v8
No property sa found for device sky130_fd_pr__nfet_01v8
No property sb found for device sky130_fd_pr__nfet_01v8
No property sd found for device sky130_fd_pr__nfet_01v8
No property nf found for device sky130_fd_pr__nfet_01v8
No property nrd found for device sky130_fd_pr__nfet_01v8
No property nrs found for device sky130_fd_pr__nfet_01v8
No property area found for device sky130_fd_pr__nfet_01v8
No property perim found for device sky130_fd_pr__nfet_01v8
No property topography found for device sky130_fd_pr__nfet_01v8
Model sky130_fd_pr__nfet_01v8 pin 1 == 3
No property as found for device sky130_fd_pr__nfet_01v8
No property ad found for device sky130_fd_pr__nfet_01v8
No property ps found for device sky130_fd_pr__nfet_01v8
No property pd found for device sky130_fd_pr__nfet_01v8
No property mult found for device sky130_fd_pr__nfet_01v8
No property sa found for device sky130_fd_pr__nfet_01v8
No property sb found for device sky130_fd_pr__nfet_01v8
No property sd found for device sky130_fd_pr__nfet_01v8
No property nf found for device sky130_fd_pr__nfet_01v8
No property nrd found for device sky130_fd_pr__nfet_01v8
No property nrs found for device sky130_fd_pr__nfet_01v8
No property area found for device sky130_fd_pr__nfet_01v8
No property perim found for device sky130_fd_pr__nfet_01v8
No property topography found for device sky130_fd_pr__nfet_01v8
Model sky130_fd_pr__nfet_g5v0d10v5 pin 1 == 3
No property mult found for device sky130_fd_pr__nfet_g5v0d10v5
No property sa found for device sky130_fd_pr__nfet_g5v0d10v5
No property sb found for device sky130_fd_pr__nfet_g5v0d10v5
No property sd found for device sky130_fd_pr__nfet_g5v0d10v5
No property nf found for device sky130_fd_pr__nfet_g5v0d10v5
No property nrd found for device sky130_fd_pr__nfet_g5v0d10v5
No property nrs found for device sky130_fd_pr__nfet_g5v0d10v5
No property area found for device sky130_fd_pr__nfet_g5v0d10v5
No property perim found for device sky130_fd_pr__nfet_g5v0d10v5
No property topography found for device sky130_fd_pr__nfet_g5v0d10v5
Model sky130_fd_pr__nfet_g5v0d10v5 pin 1 == 3
No property as found for device sky130_fd_pr__nfet_g5v0d10v5
No property ad found for device sky130_fd_pr__nfet_g5v0d10v5
No property ps found for device sky130_fd_pr__nfet_g5v0d10v5
No property pd found for device sky130_fd_pr__nfet_g5v0d10v5
No property mult found for device sky130_fd_pr__nfet_g5v0d10v5
No property sa found for device sky130_fd_pr__nfet_g5v0d10v5
No property sb found for device sky130_fd_pr__nfet_g5v0d10v5
No property sd found for device sky130_fd_pr__nfet_g5v0d10v5
No property nrd found for device sky130_fd_pr__nfet_g5v0d10v5
No property nrs found for device sky130_fd_pr__nfet_g5v0d10v5
No property area found for device sky130_fd_pr__nfet_g5v0d10v5
No property perim found for device sky130_fd_pr__nfet_g5v0d10v5
No property topography found for device sky130_fd_pr__nfet_g5v0d10v5
Model sky130_fd_pr__nfet_05v0_nvt pin 1 == 3
No property as found for device sky130_fd_pr__nfet_05v0_nvt
No property ad found for device sky130_fd_pr__nfet_05v0_nvt
No property ps found for device sky130_fd_pr__nfet_05v0_nvt
No property pd found for device sky130_fd_pr__nfet_05v0_nvt
No property mult found for device sky130_fd_pr__nfet_05v0_nvt
No property sa found for device sky130_fd_pr__nfet_05v0_nvt
No property sb found for device sky130_fd_pr__nfet_05v0_nvt
No property sd found for device sky130_fd_pr__nfet_05v0_nvt
No property nf found for device sky130_fd_pr__nfet_05v0_nvt
No property nrd found for device sky130_fd_pr__nfet_05v0_nvt
No property nrs found for device sky130_fd_pr__nfet_05v0_nvt
No property area found for device sky130_fd_pr__nfet_05v0_nvt
No property perim found for device sky130_fd_pr__nfet_05v0_nvt
No property topography found for device sky130_fd_pr__nfet_05v0_nvt
Model sky130_fd_pr__pfet_01v8_hvt pin 1 == 3
No property mult found for device sky130_fd_pr__pfet_01v8_hvt
No property sa found for device sky130_fd_pr__pfet_01v8_hvt
No property sb found for device sky130_fd_pr__pfet_01v8_hvt
No property sd found for device sky130_fd_pr__pfet_01v8_hvt
No property nf found for device sky130_fd_pr__pfet_01v8_hvt
No property nrd found for device sky130_fd_pr__pfet_01v8_hvt
No property nrs found for device sky130_fd_pr__pfet_01v8_hvt
No property area found for device sky130_fd_pr__pfet_01v8_hvt
No property perim found for device sky130_fd_pr__pfet_01v8_hvt
No property topography found for device sky130_fd_pr__pfet_01v8_hvt
Model sky130_fd_pr__pfet_01v8_hvt pin 1 == 3
No property as found for device sky130_fd_pr__pfet_01v8_hvt
No property ad found for device sky130_fd_pr__pfet_01v8_hvt
No property ps found for device sky130_fd_pr__pfet_01v8_hvt
No property pd found for device sky130_fd_pr__pfet_01v8_hvt
No property mult found for device sky130_fd_pr__pfet_01v8_hvt
No property sa found for device sky130_fd_pr__pfet_01v8_hvt
No property sb found for device sky130_fd_pr__pfet_01v8_hvt
No property sd found for device sky130_fd_pr__pfet_01v8_hvt
No property nf found for device sky130_fd_pr__pfet_01v8_hvt
No property nrd found for device sky130_fd_pr__pfet_01v8_hvt
No property nrs found for device sky130_fd_pr__pfet_01v8_hvt
No property area found for device sky130_fd_pr__pfet_01v8_hvt
No property perim found for device sky130_fd_pr__pfet_01v8_hvt
No property topography found for device sky130_fd_pr__pfet_01v8_hvt
Model sky130_fd_pr__pfet_g5v0d10v5 pin 1 == 3
No property mult found for device sky130_fd_pr__pfet_g5v0d10v5
No property sa found for device sky130_fd_pr__pfet_g5v0d10v5
No property sb found for device sky130_fd_pr__pfet_g5v0d10v5
No property sd found for device sky130_fd_pr__pfet_g5v0d10v5
No property nf found for device sky130_fd_pr__pfet_g5v0d10v5
No property nrd found for device sky130_fd_pr__pfet_g5v0d10v5
No property nrs found for device sky130_fd_pr__pfet_g5v0d10v5
No property area found for device sky130_fd_pr__pfet_g5v0d10v5
No property perim found for device sky130_fd_pr__pfet_g5v0d10v5
No property topography found for device sky130_fd_pr__pfet_g5v0d10v5
Model sky130_fd_pr__pfet_g5v0d10v5 pin 1 == 3
No property as found for device sky130_fd_pr__pfet_g5v0d10v5
No property ad found for device sky130_fd_pr__pfet_g5v0d10v5
No property ps found for device sky130_fd_pr__pfet_g5v0d10v5
No property pd found for device sky130_fd_pr__pfet_g5v0d10v5
No property mult found for device sky130_fd_pr__pfet_g5v0d10v5
No property sa found for device sky130_fd_pr__pfet_g5v0d10v5
No property sb found for device sky130_fd_pr__pfet_g5v0d10v5
No property sd found for device sky130_fd_pr__pfet_g5v0d10v5
No property nrd found for device sky130_fd_pr__pfet_g5v0d10v5
No property nrs found for device sky130_fd_pr__pfet_g5v0d10v5
No property area found for device sky130_fd_pr__pfet_g5v0d10v5
No property perim found for device sky130_fd_pr__pfet_g5v0d10v5
No property topography found for device sky130_fd_pr__pfet_g5v0d10v5
Model sky130_fd_pr__special_nfet_01v8 pin 1 == 3
No property as found for device sky130_fd_pr__special_nfet_01v8
No property ad found for device sky130_fd_pr__special_nfet_01v8
No property ps found for device sky130_fd_pr__special_nfet_01v8
No property pd found for device sky130_fd_pr__special_nfet_01v8
No property mult found for device sky130_fd_pr__special_nfet_01v8
No property sa found for device sky130_fd_pr__special_nfet_01v8
No property sb found for device sky130_fd_pr__special_nfet_01v8
No property sd found for device sky130_fd_pr__special_nfet_01v8
No property nf found for device sky130_fd_pr__special_nfet_01v8
No property nrd found for device sky130_fd_pr__special_nfet_01v8
No property nrs found for device sky130_fd_pr__special_nfet_01v8
No property area found for device sky130_fd_pr__special_nfet_01v8
No property perim found for device sky130_fd_pr__special_nfet_01v8
No property topography found for device sky130_fd_pr__special_nfet_01v8
Model sky130_fd_pr__special_pfet_01v8_hvt pin 1 == 3
No property as found for device sky130_fd_pr__special_pfet_01v8_hvt
No property ad found for device sky130_fd_pr__special_pfet_01v8_hvt
No property ps found for device sky130_fd_pr__special_pfet_01v8_hvt
No property pd found for device sky130_fd_pr__special_pfet_01v8_hvt
No property mult found for device sky130_fd_pr__special_pfet_01v8_hvt
No property sa found for device sky130_fd_pr__special_pfet_01v8_hvt
No property sb found for device sky130_fd_pr__special_pfet_01v8_hvt
No property sd found for device sky130_fd_pr__special_pfet_01v8_hvt
No property nf found for device sky130_fd_pr__special_pfet_01v8_hvt
No property nrd found for device sky130_fd_pr__special_pfet_01v8_hvt
No property nrs found for device sky130_fd_pr__special_pfet_01v8_hvt
No property area found for device sky130_fd_pr__special_pfet_01v8_hvt
No property perim found for device sky130_fd_pr__special_pfet_01v8_hvt
No property topography found for device sky130_fd_pr__special_pfet_01v8_hvt
No property value found for device sky130_fd_pr__diode_pw2nd_05v5
No property mult found for device sky130_fd_pr__diode_pw2nd_05v5
No property value found for device sky130_fd_pr__diode_pw2nd_11v0
No property mult found for device sky130_fd_pr__diode_pw2nd_11v0
No property value found for device sky130_fd_pr__diode_pw2nd_11v0
No property mult found for device sky130_fd_pr__diode_pw2nd_11v0
No property area found for device sky130_fd_pr__cap_mim_m3_1
No property value found for device sky130_fd_pr__cap_mim_m3_1
No property mult found for device sky130_fd_pr__cap_mim_m3_1
No property perim found for device sky130_fd_pr__cap_mim_m3_1
No property mf found for device sky130_fd_pr__cap_mim_m3_1
No property area found for device sky130_fd_pr__cap_mim_m3_1
No property value found for device sky130_fd_pr__cap_mim_m3_1
No property mult found for device sky130_fd_pr__cap_mim_m3_1
No property perim found for device sky130_fd_pr__cap_mim_m3_1
No property mf found for device sky130_fd_pr__cap_mim_m3_1
No property area found for device sky130_fd_pr__cap_mim_m3_2
No property value found for device sky130_fd_pr__cap_mim_m3_2
No property mult found for device sky130_fd_pr__cap_mim_m3_2
No property perim found for device sky130_fd_pr__cap_mim_m3_2
No property mf found for device sky130_fd_pr__cap_mim_m3_2
No property area found for device sky130_fd_pr__cap_mim_m3_2
No property value found for device sky130_fd_pr__cap_mim_m3_2
No property mult found for device sky130_fd_pr__cap_mim_m3_2
No property perim found for device sky130_fd_pr__cap_mim_m3_2
No property mf found for device sky130_fd_pr__cap_mim_m3_2
Comparison output logged to file sky130_ef_ip__cdac3v_12bit_comp.out
Logging to file "sky130_ef_ip__cdac3v_12bit_comp.out" enabled
Circuit sky130_fd_pr__nfet_g5v0d10v5 contains no devices.
Circuit sky130_fd_pr__pfet_g5v0d10v5 contains no devices.
Circuit sky130_fd_pr__cap_mim_m3_1 contains no devices.
Circuit sky130_fd_pr__cap_mim_m3_2 contains no devices.

Contents of circuit 1:  Circuit: 'simple_analog_switch_2'
Circuit simple_analog_switch_2 contains 12 device instances.
  Class: sky130_fd_pr__nfet_g5v0d10v5 instances:   4
  Class: sky130_fd_pr__pfet_g5v0d10v5 instances:   8
Circuit contains 6 nets.
Contents of circuit 2:  Circuit: 'simple_analog_switch_2'
Circuit simple_analog_switch_2 contains 2 device instances.
  Class: sky130_fd_pr__nfet_g5v0d10v5 instances:   1
  Class: sky130_fd_pr__pfet_g5v0d10v5 instances:   1
Circuit contains 6 nets.

Circuit was modified by parallel/series device merging.
New circuit summary:

Contents of circuit 1:  Circuit: 'simple_analog_switch_2'
Circuit simple_analog_switch_2 contains 2 device instances.
  Class: sky130_fd_pr__nfet_g5v0d10v5 instances:   1
  Class: sky130_fd_pr__pfet_g5v0d10v5 instances:   1
Circuit contains 6 nets.
Contents of circuit 2:  Circuit: 'simple_analog_switch_2'
Circuit simple_analog_switch_2 contains 2 device instances.
  Class: sky130_fd_pr__nfet_g5v0d10v5 instances:   1
  Class: sky130_fd_pr__pfet_g5v0d10v5 instances:   1
Circuit contains 6 nets.

Circuit 1 contains 2 devices, Circuit 2 contains 2 devices.
Circuit 1 contains 6 nets,    Circuit 2 contains 6 nets.


Contents of circuit 1:  Circuit: 'sky130_fd_sc_hvl__inv_2'
Circuit sky130_fd_sc_hvl__inv_2 contains 4 device instances.
  Class: sky130_fd_pr__nfet_g5v0d10v5 instances:   2
  Class: sky130_fd_pr__pfet_g5v0d10v5 instances:   2
Circuit contains 6 nets.
Contents of circuit 2:  Circuit: 'sky130_fd_sc_hvl__inv_2'
Circuit sky130_fd_sc_hvl__inv_2 contains 4 device instances.
  Class: sky130_fd_pr__nfet_g5v0d10v5 instances:   2
  Class: sky130_fd_pr__pfet_g5v0d10v5 instances:   2
Circuit contains 6 nets.

Circuit was modified by parallel/series device merging.
New circuit summary:

Contents of circuit 1:  Circuit: 'sky130_fd_sc_hvl__inv_2'
Circuit sky130_fd_sc_hvl__inv_2 contains 2 device instances.
  Class: sky130_fd_pr__nfet_g5v0d10v5 instances:   1
  Class: sky130_fd_pr__pfet_g5v0d10v5 instances:   1
Circuit contains 6 nets.
Contents of circuit 2:  Circuit: 'sky130_fd_sc_hvl__inv_2'
Circuit sky130_fd_sc_hvl__inv_2 contains 2 device instances.
  Class: sky130_fd_pr__nfet_g5v0d10v5 instances:   1
  Class: sky130_fd_pr__pfet_g5v0d10v5 instances:   1
Circuit contains 6 nets.

Circuit 1 contains 2 devices, Circuit 2 contains 2 devices.
Circuit 1 contains 6 nets,    Circuit 2 contains 6 nets.


Contents of circuit 1:  Circuit: 'sky130_fd_sc_hvl__decap_8'
Circuit sky130_fd_sc_hvl__decap_8 contains 4 device instances.
  Class: sky130_fd_pr__nfet_g5v0d10v5 instances:   2
  Class: sky130_fd_pr__pfet_g5v0d10v5 instances:   2
Circuit contains 4 nets.
Contents of circuit 2:  Circuit: 'sky130_fd_sc_hvl__decap_8'
Circuit sky130_fd_sc_hvl__decap_8 contains 4 device instances.
  Class: sky130_fd_pr__nfet_g5v0d10v5 instances:   2
  Class: sky130_fd_pr__pfet_g5v0d10v5 instances:   2
Circuit contains 4 nets.

Circuit was modified by parallel/series device merging.
New circuit summary:

Contents of circuit 1:  Circuit: 'sky130_fd_sc_hvl__decap_8'
Circuit sky130_fd_sc_hvl__decap_8 contains 2 device instances.
  Class: sky130_fd_pr__nfet_g5v0d10v5 instances:   1
  Class: sky130_fd_pr__pfet_g5v0d10v5 instances:   1
Circuit contains 4 nets.
Contents of circuit 2:  Circuit: 'sky130_fd_sc_hvl__decap_8'
Circuit sky130_fd_sc_hvl__decap_8 contains 2 device instances.
  Class: sky130_fd_pr__nfet_g5v0d10v5 instances:   1
  Class: sky130_fd_pr__pfet_g5v0d10v5 instances:   1
Circuit contains 4 nets.

Circuit 1 contains 2 devices, Circuit 2 contains 2 devices.
Circuit 1 contains 4 nets,    Circuit 2 contains 4 nets.


Contents of circuit 1:  Circuit: 'sky130_fd_sc_hvl__nor2_1'
Circuit sky130_fd_sc_hvl__nor2_1 contains 4 device instances.
  Class: sky130_fd_pr__nfet_g5v0d10v5 instances:   2
  Class: sky130_fd_pr__pfet_g5v0d10v5 instances:   2
Circuit contains 8 nets.
Contents of circuit 2:  Circuit: 'sky130_fd_sc_hvl__nor2_1'
Circuit sky130_fd_sc_hvl__nor2_1 contains 4 device instances.
  Class: sky130_fd_pr__nfet_g5v0d10v5 instances:   2
  Class: sky130_fd_pr__pfet_g5v0d10v5 instances:   2
Circuit contains 8 nets.

Circuit 1 contains 4 devices, Circuit 2 contains 4 devices.
Circuit 1 contains 8 nets,    Circuit 2 contains 8 nets.

Circuit sky130_fd_pr__diode_pw2nd_11v0 contains no devices.
Circuit sky130_fd_pr__nfet_01v8 contains no devices.
Circuit sky130_fd_pr__pfet_01v8_hvt contains no devices.

Contents of circuit 1:  Circuit: 'simple_analog_switch'
Circuit simple_analog_switch contains 12 device instances.
  Class: sky130_fd_pr__nfet_g5v0d10v5 instances:   4
  Class: sky130_fd_pr__pfet_g5v0d10v5 instances:   8
Circuit contains 6 nets.
Contents of circuit 2:  Circuit: 'simple_analog_switch'
Circuit simple_analog_switch contains 6 device instances.
  Class: sky130_fd_pr__nfet_g5v0d10v5 instances:   3
  Class: sky130_fd_pr__pfet_g5v0d10v5 instances:   3
Circuit contains 6 nets.

Circuit was modified by parallel/series device merging.
New circuit summary:

Contents of circuit 1:  Circuit: 'simple_analog_switch'
Circuit simple_analog_switch contains 6 device instances.
  Class: sky130_fd_pr__nfet_g5v0d10v5 instances:   3
  Class: sky130_fd_pr__pfet_g5v0d10v5 instances:   3
Circuit contains 6 nets.
Contents of circuit 2:  Circuit: 'simple_analog_switch'
Circuit simple_analog_switch contains 6 device instances.
  Class: sky130_fd_pr__nfet_g5v0d10v5 instances:   3
  Class: sky130_fd_pr__pfet_g5v0d10v5 instances:   3
Circuit contains 6 nets.

Circuit 1 contains 6 devices, Circuit 2 contains 6 devices.
Circuit 1 contains 6 nets,    Circuit 2 contains 6 nets.


Contents of circuit 1:  Circuit: 'EF_AMUX21x'
Circuit EF_AMUX21x contains 14 device instances.
  Class: sky130_fd_sc_hvl__nor2_1 instances:   2
  Class: simple_analog_switch_2 instances:   3
  Class: sky130_fd_sc_hvl__inv_2 instances:   5
  Class: sky130_fd_sc_hvl__decap_8 instances:   4
Circuit contains 16 nets, and 1 disconnected pin.
Contents of circuit 2:  Circuit: 'EF_AMUX21x'
Circuit EF_AMUX21x contains 14 device instances.
  Class: sky130_fd_sc_hvl__nor2_1 instances:   2
  Class: simple_analog_switch_2 instances:   3
  Class: sky130_fd_sc_hvl__inv_2 instances:   5
  Class: sky130_fd_sc_hvl__decap_8 instances:   4
Circuit contains 16 nets.

Circuit was modified by parallel/series device merging.
New circuit summary:

Contents of circuit 1:  Circuit: 'EF_AMUX21x'
Circuit EF_AMUX21x contains 11 device instances.
  Class: sky130_fd_sc_hvl__nor2_1 instances:   2
  Class: simple_analog_switch_2 instances:   3
  Class: sky130_fd_sc_hvl__inv_2 instances:   5
  Class: sky130_fd_sc_hvl__decap_8 instances:   1
Circuit contains 16 nets, and 1 disconnected pin.
Contents of circuit 2:  Circuit: 'EF_AMUX21x'
Circuit EF_AMUX21x contains 11 device instances.
  Class: sky130_fd_sc_hvl__nor2_1 instances:   2
  Class: simple_analog_switch_2 instances:   3
  Class: sky130_fd_sc_hvl__inv_2 instances:   5
  Class: sky130_fd_sc_hvl__decap_8 instances:   1
Circuit contains 16 nets.

Circuit 1 contains 11 devices, Circuit 2 contains 11 devices.
Circuit 1 contains 16 nets,    Circuit 2 contains 16 nets.

  Flattening non-matched subcircuits EF_AMUX21x EF_AMUX21x

Flattening instances of EF_AMUX21x in file ../netlist/layout/sky130_ef_ip__cdac3v_12bit.spice
Flattening instances of EF_AMUX21x in file ../netlist/schematic/sky130_ef_ip__cdac3v_12bit.spice

Contents of circuit 1:  Circuit: 'sky130_fd_sc_hvl__decap_4'
Circuit sky130_fd_sc_hvl__decap_4 contains 2 device instances.
  Class: sky130_fd_pr__nfet_g5v0d10v5 instances:   1
  Class: sky130_fd_pr__pfet_g5v0d10v5 instances:   1
Circuit contains 4 nets.
Contents of circuit 2:  Circuit: 'sky130_fd_sc_hvl__decap_4'
Circuit sky130_fd_sc_hvl__decap_4 contains 2 device instances.
  Class: sky130_fd_pr__nfet_g5v0d10v5 instances:   1
  Class: sky130_fd_pr__pfet_g5v0d10v5 instances:   1
Circuit contains 4 nets.

Circuit 1 contains 2 devices, Circuit 2 contains 2 devices.
Circuit 1 contains 4 nets,    Circuit 2 contains 4 nets.


Contents of circuit 1:  Circuit: 'sky130_fd_sc_hvl__diode_2'
Circuit sky130_fd_sc_hvl__diode_2 contains 1 device instances.
  Class: sky130_fd_pr__diode_pw2nd_11v0 instances:   1
Circuit contains 2 nets, and 3 disconnected pins.
Contents of circuit 2:  Circuit: 'sky130_fd_sc_hvl__diode_2'
Circuit sky130_fd_sc_hvl__diode_2 contains 1 device instances.
  Class: sky130_fd_pr__diode_pw2nd_11v0 instances:   1
Circuit contains 2 nets, and 3 disconnected pins.

Circuit 1 contains 1 devices, Circuit 2 contains 1 devices.
Circuit 1 contains 2 nets,    Circuit 2 contains 2 nets.


Contents of circuit 1:  Circuit: 'sky130_fd_sc_hvl__lsbuflv2hv_1'
Circuit sky130_fd_sc_hvl__lsbuflv2hv_1 contains 20 device instances.
  Class: sky130_fd_pr__nfet_01v8 instances:   2
  Class: sky130_fd_pr__pfet_01v8_hvt instances:   2
  Class: sky130_fd_pr__nfet_g5v0d10v5 instances:  12
  Class: sky130_fd_pr__pfet_g5v0d10v5 instances:   4
Circuit contains 14 nets.
Contents of circuit 2:  Circuit: 'sky130_fd_sc_hvl__lsbuflv2hv_1'
Circuit sky130_fd_sc_hvl__lsbuflv2hv_1 contains 20 device instances.
  Class: sky130_fd_pr__nfet_01v8 instances:   2
  Class: sky130_fd_pr__pfet_01v8_hvt instances:   2
  Class: sky130_fd_pr__nfet_g5v0d10v5 instances:  12
  Class: sky130_fd_pr__pfet_g5v0d10v5 instances:   4
Circuit contains 12 nets.

Circuit was modified by parallel/series device merging.
New circuit summary:

Contents of circuit 1:  Circuit: 'sky130_fd_sc_hvl__lsbuflv2hv_1'
Circuit sky130_fd_sc_hvl__lsbuflv2hv_1 contains 12 device instances.
  Class: sky130_fd_pr__nfet_01v8 instances:   2
  Class: sky130_fd_pr__pfet_01v8_hvt instances:   2
  Class: sky130_fd_pr__nfet_g5v0d10v5 instances:   4
  Class: sky130_fd_pr__pfet_g5v0d10v5 instances:   4
Circuit contains 14 nets.
Contents of circuit 2:  Circuit: 'sky130_fd_sc_hvl__lsbuflv2hv_1'
Circuit sky130_fd_sc_hvl__lsbuflv2hv_1 contains 12 device instances.
  Class: sky130_fd_pr__nfet_01v8 instances:   2
  Class: sky130_fd_pr__pfet_01v8_hvt instances:   2
  Class: sky130_fd_pr__nfet_g5v0d10v5 instances:   4
  Class: sky130_fd_pr__pfet_g5v0d10v5 instances:   4
Circuit contains 12 nets.

Circuit 1 contains 12 devices, Circuit 2 contains 12 devices.
Circuit 1 contains 14 nets,    Circuit 2 contains 12 nets. *** MISMATCH ***

  Flattening non-matched subcircuits sky130_fd_sc_hvl__lsbuflv2hv_1 sky130_fd_sc_hvl__lsbuflv2hv_1

Flattening instances of sky130_fd_sc_hvl__lsbuflv2hv_1 in file ../netlist/layout/sky130_ef_ip__cdac3v_12bit.spice
Flattening instances of sky130_fd_sc_hvl__lsbuflv2hv_1 in file ../netlist/schematic/sky130_ef_ip__cdac3v_12bit.spice

Contents of circuit 1:  Circuit: 'EF_SW_RST'
Circuit EF_SW_RST contains 2 device instances.
  Class: simple_analog_switch  instances:   2
Circuit contains 7 nets, and 4 disconnected pins.
Contents of circuit 2:  Circuit: 'EF_SW_RST'
Circuit EF_SW_RST contains 2 device instances.
  Class: simple_analog_switch  instances:   2
Circuit contains 7 nets, and 1 disconnected pin.

Circuit 1 contains 2 devices, Circuit 2 contains 2 devices.
Circuit 1 contains 7 nets,    Circuit 2 contains 7 nets.

  Flattening non-matched subcircuits EF_SW_RST EF_SW_RST

Flattening instances of EF_SW_RST in file ../netlist/layout/sky130_ef_ip__cdac3v_12bit.spice
Flattening instances of EF_SW_RST in file ../netlist/schematic/sky130_ef_ip__cdac3v_12bit.spice

Contents of circuit 1:  Circuit: 'EF_AMUX0201_ARRAY1'
Circuit EF_AMUX0201_ARRAY1 contains 132 device instances.
  Class: sky130_fd_sc_hvl__nor2_1 instances:  24
  Class: simple_analog_switch_2 instances:  36
  Class: sky130_fd_sc_hvl__inv_2 instances:  60
  Class: sky130_fd_sc_hvl__decap_8 instances:  12
Circuit contains 116 nets, and 1 disconnected pin.
Contents of circuit 2:  Circuit: 'EF_AMUX0201_ARRAY1'
Circuit EF_AMUX0201_ARRAY1 contains 132 device instances.
  Class: sky130_fd_sc_hvl__nor2_1 instances:  24
  Class: simple_analog_switch_2 instances:  36
  Class: sky130_fd_sc_hvl__inv_2 instances:  60
  Class: sky130_fd_sc_hvl__decap_8 instances:  12
Circuit contains 127 nets.

Circuit was modified by parallel/series device merging.
New circuit summary:

Contents of circuit 1:  Circuit: 'EF_AMUX0201_ARRAY1'
Circuit EF_AMUX0201_ARRAY1 contains 121 device instances.
  Class: sky130_fd_sc_hvl__nor2_1 instances:  24
  Class: simple_analog_switch_2 instances:  36
  Class: sky130_fd_sc_hvl__inv_2 instances:  60
  Class: sky130_fd_sc_hvl__decap_8 instances:   1
Circuit contains 116 nets, and 1 disconnected pin.
Contents of circuit 2:  Circuit: 'EF_AMUX0201_ARRAY1'
Circuit EF_AMUX0201_ARRAY1 contains 121 device instances.
  Class: sky130_fd_sc_hvl__nor2_1 instances:  24
  Class: simple_analog_switch_2 instances:  36
  Class: sky130_fd_sc_hvl__inv_2 instances:  60
  Class: sky130_fd_sc_hvl__decap_8 instances:   1
Circuit contains 127 nets.

Circuit 1 contains 121 devices, Circuit 2 contains 121 devices.
Circuit 1 contains 116 nets,    Circuit 2 contains 115 nets. *** MISMATCH ***

  Flattening non-matched subcircuits EF_AMUX0201_ARRAY1 EF_AMUX0201_ARRAY1

Flattening instances of EF_AMUX0201_ARRAY1 in file ../netlist/layout/sky130_ef_ip__cdac3v_12bit.spice
Flattening instances of EF_AMUX0201_ARRAY1 in file ../netlist/schematic/sky130_ef_ip__cdac3v_12bit.spice

Contents of circuit 1:  Circuit: 'EF_BANK_CAP_12'
Circuit EF_BANK_CAP_12 contains 380 device instances.
  Class: sky130_fd_pr__cap_mim_m3_1 instances: 190
  Class: sky130_fd_pr__cap_mim_m3_2 instances: 190
Circuit contains 16 nets, and 1 disconnected pin.
Contents of circuit 2:  Circuit: 'EF_BANK_CAP_12'
Circuit EF_BANK_CAP_12 contains 34 device instances.
  Class: sky130_fd_pr__cap_mim_m3_1 instances:  17
  Class: sky130_fd_pr__cap_mim_m3_2 instances:  17
Circuit contains 16 nets.

Circuit was modified by parallel/series device merging.
New circuit summary:

Contents of circuit 1:  Circuit: 'EF_BANK_CAP_12'
Circuit EF_BANK_CAP_12 contains 30 device instances.
  Class: sky130_fd_pr__cap_mim_m3_1 instances:  15
  Class: sky130_fd_pr__cap_mim_m3_2 instances:  15
Circuit contains 16 nets, and 1 disconnected pin.
Contents of circuit 2:  Circuit: 'EF_BANK_CAP_12'
Circuit EF_BANK_CAP_12 contains 30 device instances.
  Class: sky130_fd_pr__cap_mim_m3_1 instances:  15
  Class: sky130_fd_pr__cap_mim_m3_2 instances:  15
Circuit contains 16 nets.

Circuit 1 contains 30 devices, Circuit 2 contains 30 devices.
Circuit 1 contains 16 nets,    Circuit 2 contains 16 nets.

  Flattening non-matched subcircuits EF_BANK_CAP_12 EF_BANK_CAP_12

Flattening instances of EF_BANK_CAP_12 in file ../netlist/layout/sky130_ef_ip__cdac3v_12bit.spice
Flattening instances of EF_BANK_CAP_12 in file ../netlist/schematic/sky130_ef_ip__cdac3v_12bit.spice

Contents of circuit 1:  Circuit: 'cdac_lvlshift_array'
Circuit cdac_lvlshift_array contains 198 device instances.
  Class: sky130_fd_pr__nfet_01v8 instances:  28
  Class: sky130_fd_sc_hvl__diode_2 instances:  14
  Class: sky130_fd_pr__pfet_01v8_hvt instances:  28
  Class: sky130_fd_pr__nfet_g5v0d10v5 instances:  56
  Class: sky130_fd_sc_hvl__inv_2 instances:   1
  Class: sky130_fd_sc_hvl__decap_4 instances:  15
  Class: sky130_fd_pr__pfet_g5v0d10v5 instances:  56
Circuit contains 102 nets.
Contents of circuit 2:  Circuit: 'cdac_lvlshift_array'
Circuit cdac_lvlshift_array contains 198 device instances.
  Class: sky130_fd_pr__nfet_01v8 instances:  28
  Class: sky130_fd_sc_hvl__diode_2 instances:  14
  Class: sky130_fd_pr__pfet_01v8_hvt instances:  28
  Class: sky130_fd_pr__nfet_g5v0d10v5 instances:  56
  Class: sky130_fd_sc_hvl__inv_2 instances:   1
  Class: sky130_fd_sc_hvl__decap_4 instances:  15
  Class: sky130_fd_pr__pfet_g5v0d10v5 instances:  56
Circuit contains 102 nets.

Circuit was modified by parallel/series device merging.
New circuit summary:

Contents of circuit 1:  Circuit: 'cdac_lvlshift_array'
Circuit cdac_lvlshift_array contains 184 device instances.
  Class: sky130_fd_pr__nfet_01v8 instances:  28
  Class: sky130_fd_sc_hvl__diode_2 instances:  14
  Class: sky130_fd_pr__pfet_01v8_hvt instances:  28
  Class: sky130_fd_pr__nfet_g5v0d10v5 instances:  56
  Class: sky130_fd_sc_hvl__inv_2 instances:   1
  Class: sky130_fd_sc_hvl__decap_4 instances:   1
  Class: sky130_fd_pr__pfet_g5v0d10v5 instances:  56
Circuit contains 102 nets.
Contents of circuit 2:  Circuit: 'cdac_lvlshift_array'
Circuit cdac_lvlshift_array contains 184 device instances.
  Class: sky130_fd_pr__nfet_01v8 instances:  28
  Class: sky130_fd_sc_hvl__diode_2 instances:  14
  Class: sky130_fd_pr__pfet_01v8_hvt instances:  28
  Class: sky130_fd_pr__nfet_g5v0d10v5 instances:  56
  Class: sky130_fd_sc_hvl__inv_2 instances:   1
  Class: sky130_fd_sc_hvl__decap_4 instances:   1
  Class: sky130_fd_pr__pfet_g5v0d10v5 instances:  56
Circuit contains 102 nets.

Circuit 1 contains 184 devices, Circuit 2 contains 184 devices.
Circuit 1 contains 102 nets,    Circuit 2 contains 102 nets.


Contents of circuit 1:  Circuit: 'sky130_ef_ip__cdac3v_12bit'
Circuit sky130_ef_ip__cdac3v_12bit contains 154 device instances.
  Class: simple_analog_switch  instances:   2
  Class: sky130_fd_sc_hvl__nor2_1 instances:  24
  Class: sky130_fd_pr__cap_mim_m3_1 instances:  15
  Class: sky130_fd_pr__cap_mim_m3_2 instances:  15
  Class: simple_analog_switch_2 instances:  36
  Class: cdac_lvlshift_array   instances:   1
  Class: sky130_fd_sc_hvl__inv_2 instances:  60
  Class: sky130_fd_sc_hvl__decap_8 instances:   1
Circuit contains 136 nets.
Contents of circuit 2:  Circuit: 'sky130_ef_ip__cdac3v_12bit'
Circuit sky130_ef_ip__cdac3v_12bit contains 154 device instances.
  Class: simple_analog_switch  instances:   2
  Class: sky130_fd_sc_hvl__nor2_1 instances:  24
  Class: sky130_fd_pr__cap_mim_m3_1 instances:  15
  Class: sky130_fd_pr__cap_mim_m3_2 instances:  15
  Class: simple_analog_switch_2 instances:  36
  Class: cdac_lvlshift_array   instances:   1
  Class: sky130_fd_sc_hvl__inv_2 instances:  60
  Class: sky130_fd_sc_hvl__decap_8 instances:   1
Circuit contains 152 nets.

Circuit 1 contains 154 devices, Circuit 2 contains 154 devices.
Circuit 1 contains 136 nets,    Circuit 2 contains 136 nets.


Final result: 
Circuits match uniquely.
.
Logging to file "sky130_ef_ip__cdac3v_12bit_comp.out" disabled
LVS Done.
